# JRE version: OpenJDK Runtime Environment Temurin-21.0.10+7 (21.0.10+7) (build 21.0.10+7-LTS)
# Java VM: OpenJDK 64-Bit Server VM Temurin-21.0.10+7 (21.0.10+7-LTS, mixed mode, sharing, tiered, compressed oops, compressed class ptrs, parallel gc, windows-amd64)
GC Precious Log:
 CardTable entry size: 512
 CPUs: 2 total, 2 available
 Memory: 5980M
 Large Page Support: Disabled
 NUMA Support: Disabled
 Compressed Oops: Enabled (32-bit)
 Alignments: Space 512K, Generation 512K, Heap 2M
 Heap Min Capacity: 100M
 Heap Initial Capacity: 100M
 Heap Max Capacity: 2G
 Pre-touch: Disabled
 Parallel Workers: 2
Heap:
 PSYoungGen      total 2560K, used 816K [0x00000000d5580000, 0x00000000d5980000, 0x0000000100000000)
  eden space 2048K, 28% used [0x00000000d5580000,0x00000000d56142c0,0x00000000d5780000)
  from space 512K, 43% used [0x00000000d5900000,0x00000000d5938000,0x00000000d5980000)
  to   space 512K, 0% used [0x00000000d5880000,0x00000000d5880000,0x00000000d5900000)
 ParOldGen       total 296448K, used 296316K [0x0000000080000000, 0x0000000092180000, 0x00000000d5580000)
  object space 296448K, 99% used [0x0000000080000000,0x000000009215f278,0x0000000092180000)
 Metaspace       used 75925K, committed 77568K, reserved 1179648K
  class space    used 8056K, committed 8768K, reserved 1048576K
GC Heap History (20 events):
Event: 7005.440 GC heap before
{Heap before GC invocations=222 (full 3):
 PSYoungGen      total 3072K, used 2848K [0x00000000d5580000, 0x00000000d5a00000, 0x0000000100000000)
  eden space 2560K, 100% used [0x00000000d5580000,0x00000000d5800000,0x00000000d5800000)
  from space 512K, 56% used [0x00000000d5980000,0x00000000d59c8020,0x00000000d5a00000)
  to   space 512K, 0% used [0x00000000d5900000,0x00000000d5900000,0x00000000d5980000)
 ParOldGen       total 291840K, used 289624K [0x0000000080000000, 0x0000000091d00000, 0x00000000d5580000)
  object space 291840K, 99% used [0x0000000080000000,0x0000000091ad6000,0x0000000091d00000)
 Metaspace       used 75608K, committed 77184K, reserved 1179648K
  class space    used 8013K, committed 8704K, reserved 1048576K
}
Event: 7005.457 GC heap after
{Heap after GC invocations=222 (full 3):
 PSYoungGen      total 3072K, used 128K [0x00000000d5580000, 0x00000000d5a00000, 0x0000000100000000)
  eden space 2560K, 0% used [0x00000000d5580000,0x00000000d5580000,0x00000000d5800000)
  from space 512K, 25% used [0x00000000d5900000,0x00000000d5920000,0x00000000d5980000)
  to   space 512K, 0% used [0x00000000d5980000,0x00000000d5980000,0x00000000d5a00000)
 ParOldGen       total 291840K, used 289752K [0x0000000080000000, 0x0000000091d00000, 0x00000000d5580000)
  object space 291840K, 99% used [0x0000000080000000,0x0000000091af6020,0x0000000091d00000)
 Metaspace       used 75608K, committed 77184K, reserved 1179648K
  class space    used 8013K, committed 8704K, reserved 1048576K
}
Event: 12663.396 GC heap before
{Heap before GC invocations=223 (full 3):
 PSYoungGen      total 3072K, used 2687K [0x00000000d5580000, 0x00000000d5a00000, 0x0000000100000000)
  eden space 2560K, 99% used [0x00000000d5580000,0x00000000d57ffff8,0x00000000d5800000)
  from space 512K, 25% used [0x00000000d5900000,0x00000000d5920000,0x00000000d5980000)
  to   space 512K, 0% used [0x00000000d5980000,0x00000000d5980000,0x00000000d5a00000)
 ParOldGen       total 291840K, used 289752K [0x0000000080000000, 0x0000000091d00000, 0x00000000d5580000)
  object space 291840K, 99% used [0x0000000080000000,0x0000000091af6020,0x0000000091d00000)
 Metaspace       used 75631K, committed 77248K, reserved 1179648K
  class space    used 8013K, committed 8704K, reserved 1048576K
}
Event: 12663.602 GC heap after
{Heap after GC invocations=223 (full 3):
 PSYoungGen      total 3072K, used 64K [0x00000000d5580000, 0x00000000d5a00000, 0x0000000100000000)
  eden space 2560K, 0% used [0x00000000d5580000,0x00000000d5580000,0x00000000d5800000)
  from space 512K, 12% used [0x00000000d5980000,0x00000000d5990000,0x00000000d5a00000)
  to   space 512K, 0% used [0x00000000d5900000,0x00000000d5900000,0x00000000d5980000)
 ParOldGen       total 291840K, used 289824K [0x0000000080000000, 0x0000000091d00000, 0x00000000d5580000)
  object space 291840K, 99% used [0x0000000080000000,0x0000000091b08020,0x0000000091d00000)
 Metaspace       used 75631K, committed 77248K, reserved 1179648K
  class space    used 8013K, committed 8704K, reserved 1048576K
}
Event: 12913.530 GC heap before
{Heap before GC invocations=224 (full 3):
 PSYoungGen      total 3072K, used 2623K [0x00000000d5580000, 0x00000000d5a00000, 0x0000000100000000)
  eden space 2560K, 99% used [0x00000000d5580000,0x00000000d57fffc8,0x00000000d5800000)
  from space 512K, 12% used [0x00000000d5980000,0x00000000d5990000,0x00000000d5a00000)
  to   space 512K, 0% used [0x00000000d5900000,0x00000000d5900000,0x00000000d5980000)
 ParOldGen       total 291840K, used 289824K [0x0000000080000000, 0x0000000091d00000, 0x00000000d5580000)
  object space 291840K, 99% used [0x0000000080000000,0x0000000091b08020,0x0000000091d00000)
 Metaspace       used 75742K, committed 77376K, reserved 1179648K
  class space    used 8028K, committed 8704K, reserved 1048576K
}
Event: 12913.612 GC heap after
{Heap after GC invocations=224 (full 3):
 PSYoungGen      total 3072K, used 250K [0x00000000d5580000, 0x00000000d5a00000, 0x0000000100000000)
  eden space 2560K, 0% used [0x00000000d5580000,0x00000000d5580000,0x00000000d5800000)
  from space 512K, 48% used [0x00000000d5900000,0x00000000d593e920,0x00000000d5980000)
  to   space 512K, 0% used [0x00000000d5980000,0x00000000d5980000,0x00000000d5a00000)
 ParOldGen       total 291840K, used 289840K [0x0000000080000000, 0x0000000091d00000, 0x00000000d5580000)
  object space 291840K, 99% used [0x0000000080000000,0x0000000091b0c020,0x0000000091d00000)
 Metaspace       used 75742K, committed 77376K, reserved 1179648K
  class space    used 8028K, committed 8704K, reserved 1048576K
}
Event: 12927.690 GC heap before
{Heap before GC invocations=225 (full 3):
 PSYoungGen      total 3072K, used 2802K [0x00000000d5580000, 0x00000000d5a00000, 0x0000000100000000)
  eden space 2560K, 99% used [0x00000000d5580000,0x00000000d57fe268,0x00000000d5800000)
  from space 512K, 48% used [0x00000000d5900000,0x00000000d593e920,0x00000000d5980000)
  to   space 512K, 0% used [0x00000000d5980000,0x00000000d5980000,0x00000000d5a00000)
 ParOldGen       total 291840K, used 289840K [0x0000000080000000, 0x0000000091d00000, 0x00000000d5580000)
  object space 291840K, 99% used [0x0000000080000000,0x0000000091b0c020,0x0000000091d00000)
 Metaspace       used 75745K, committed 77376K, reserved 1179648K
  class space    used 8028K, committed 8704K, reserved 1048576K
}
Event: 12927.709 GC heap after
{Heap after GC invocations=225 (full 3):
 PSYoungGen      total 2560K, used 501K [0x00000000d5580000, 0x00000000d5c00000, 0x0000000100000000)
  eden space 2048K, 0% used [0x00000000d5580000,0x00000000d5580000,0x00000000d5780000)
  from space 512K, 97% used [0x00000000d5980000,0x00000000d59fd4e8,0x00000000d5a00000)
  to   space 2048K, 0% used [0x00000000d5780000,0x00000000d5780000,0x00000000d5980000)
 ParOldGen       total 291840K, used 291115K [0x0000000080000000, 0x0000000091d00000, 0x00000000d5580000)
  object space 291840K, 99% used [0x0000000080000000,0x0000000091c4ac78,0x0000000091d00000)
 Metaspace       used 75745K, committed 77376K, reserved 1179648K
  class space    used 8028K, committed 8704K, reserved 1048576K
}
Event: 12927.978 GC heap before
{Heap before GC invocations=226 (full 3):
 PSYoungGen      total 2560K, used 2549K [0x00000000d5580000, 0x00000000d5c00000, 0x0000000100000000)
  eden space 2048K, 99% used [0x00000000d5580000,0x00000000d577ffb8,0x00000000d5780000)
  from space 512K, 97% used [0x00000000d5980000,0x00000000d59fd4e8,0x00000000d5a00000)
  to   space 2048K, 0% used [0x00000000d5780000,0x00000000d5780000,0x00000000d5980000)
 ParOldGen       total 291840K, used 291115K [0x0000000080000000, 0x0000000091d00000, 0x00000000d5580000)
  object space 291840K, 99% used [0x0000000080000000,0x0000000091c4ac78,0x0000000091d00000)
 Metaspace       used 75745K, committed 77376K, reserved 1179648K
  class space    used 8028K, committed 8704K, reserved 1048576K
}
Event: 12927.986 GC heap after
{Heap after GC invocations=226 (full 3):
 PSYoungGen      total 3072K, used 986K [0x00000000d5580000, 0x00000000d5a80000, 0x0000000100000000)
  eden space 2048K, 0% used [0x00000000d5580000,0x00000000d5580000,0x00000000d5780000)
  from space 1024K, 96% used [0x00000000d5780000,0x00000000d5876bf0,0x00000000d5880000)
  to   space 1536K, 0% used [0x00000000d5900000,0x00000000d5900000,0x00000000d5a80000)
 ParOldGen       total 291840K, used 291622K [0x0000000080000000, 0x0000000091d00000, 0x00000000d5580000)
  object space 291840K, 99% used [0x0000000080000000,0x0000000091cc9a48,0x0000000091d00000)
 Metaspace       used 75745K, committed 77376K, reserved 1179648K
  class space    used 8028K, committed 8704K, reserved 1048576K
}
Event: 12931.686 GC heap before
{Heap before GC invocations=227 (full 3):
 PSYoungGen      total 3072K, used 3034K [0x00000000d5580000, 0x00000000d5a80000, 0x0000000100000000)
  eden space 2048K, 100% used [0x00000000d5580000,0x00000000d5780000,0x00000000d5780000)
  from space 1024K, 96% used [0x00000000d5780000,0x00000000d5876bf0,0x00000000d5880000)
  to   space 1536K, 0% used [0x00000000d5900000,0x00000000d5900000,0x00000000d5a80000)
 ParOldGen       total 291840K, used 291622K [0x0000000080000000, 0x0000000091d00000, 0x00000000d5580000)
  object space 291840K, 99% used [0x0000000080000000,0x0000000091cc9a48,0x0000000091d00000)
 Metaspace       used 75746K, committed 77376K, reserved 1179648K
  class space    used 8028K, committed 8704K, reserved 1048576K
}
Event: 12931.697 GC heap after
{Heap after GC invocations=227 (full 3):
 PSYoungGen      total 2560K, used 348K [0x00000000d5580000, 0x00000000d5980000, 0x0000000100000000)
  eden space 2048K, 0% used [0x00000000d5580000,0x00000000d5580000,0x00000000d5780000)
  from space 512K, 68% used [0x00000000d5900000,0x00000000d59570b0,0x00000000d5980000)
  to   space 1024K, 0% used [0x00000000d5780000,0x00000000d5780000,0x00000000d5880000)
 ParOldGen       total 292864K, used 292607K [0x0000000080000000, 0x0000000091e00000, 0x00000000d5580000)
  object space 292864K, 99% used [0x0000000080000000,0x0000000091dbfec8,0x0000000091e00000)
 Metaspace       used 75746K, committed 77376K, reserved 1179648K
  class space    used 8028K, committed 8704K, reserved 1048576K
}
Event: 12942.519 GC heap before
{Heap before GC invocations=228 (full 3):
 PSYoungGen      total 2560K, used 2377K [0x00000000d5580000, 0x00000000d5980000, 0x0000000100000000)
  eden space 2048K, 99% used [0x00000000d5580000,0x00000000d577b5f0,0x00000000d5780000)
  from space 512K, 68% used [0x00000000d5900000,0x00000000d59570b0,0x00000000d5980000)
  to   space 1024K, 0% used [0x00000000d5780000,0x00000000d5780000,0x00000000d5880000)
 ParOldGen       total 292864K, used 292607K [0x0000000080000000, 0x0000000091e00000, 0x00000000d5580000)
  object space 292864K, 99% used [0x0000000080000000,0x0000000091dbfec8,0x0000000091e00000)
 Metaspace       used 75748K, committed 77376K, reserved 1179648K
  class space    used 8028K, committed 8704K, reserved 1048576K
}
Event: 12942.529 GC heap after
{Heap after GC invocations=228 (full 3):
 PSYoungGen      total 3072K, used 1001K [0x00000000d5580000, 0x00000000d5b80000, 0x0000000100000000)
  eden space 2048K, 0% used [0x00000000d5580000,0x00000000d5580000,0x00000000d5780000)
  from space 1024K, 97% used [0x00000000d5780000,0x00000000d587a638,0x00000000d5880000)
  to   space 2048K, 0% used [0x00000000d5980000,0x00000000d5980000,0x00000000d5b80000)
 ParOldGen       total 293376K, used 293113K [0x0000000080000000, 0x0000000091e80000, 0x00000000d5580000)
  object space 293376K, 99% used [0x0000000080000000,0x0000000091e3e4c8,0x0000000091e80000)
 Metaspace       used 75748K, committed 77376K, reserved 1179648K
  class space    used 8028K, committed 8704K, reserved 1048576K
}
Event: 12970.273 GC heap before
{Heap before GC invocations=229 (full 3):
 PSYoungGen      total 3072K, used 3049K [0x00000000d5580000, 0x00000000d5b80000, 0x0000000100000000)
  eden space 2048K, 100% used [0x00000000d5580000,0x00000000d5780000,0x00000000d5780000)
  from space 1024K, 97% used [0x00000000d5780000,0x00000000d587a638,0x00000000d5880000)
  to   space 2048K, 0% used [0x00000000d5980000,0x00000000d5980000,0x00000000d5b80000)
 ParOldGen       total 293376K, used 293113K [0x0000000080000000, 0x0000000091e80000, 0x00000000d5580000)
  object space 293376K, 99% used [0x0000000080000000,0x0000000091e3e4c8,0x0000000091e80000)
 Metaspace       used 75748K, committed 77376K, reserved 1179648K
  class space    used 8028K, committed 8704K, reserved 1048576K
}
Event: 12970.286 GC heap after
{Heap after GC invocations=229 (full 3):
 PSYoungGen      total 4096K, used 1605K [0x00000000d5580000, 0x00000000d5b80000, 0x0000000100000000)
  eden space 2048K, 0% used [0x00000000d5580000,0x00000000d5580000,0x00000000d5780000)
  from space 2048K, 78% used [0x00000000d5980000,0x00000000d5b117a8,0x00000000d5b80000)
  to   space 2048K, 0% used [0x00000000d5780000,0x00000000d5780000,0x00000000d5980000)
 ParOldGen       total 294400K, used 294121K [0x0000000080000000, 0x0000000091f80000, 0x00000000d5580000)
  object space 294400K, 99% used [0x0000000080000000,0x0000000091f3a490,0x0000000091f80000)
 Metaspace       used 75748K, committed 77376K, reserved 1179648K
  class space    used 8028K, committed 8704K, reserved 1048576K
}
Event: 13103.624 GC heap before
{Heap before GC invocations=230 (full 3):
 PSYoungGen      total 4096K, used 3653K [0x00000000d5580000, 0x00000000d5b80000, 0x0000000100000000)
  eden space 2048K, 100% used [0x00000000d5580000,0x00000000d5780000,0x00000000d5780000)
  from space 2048K, 78% used [0x00000000d5980000,0x00000000d5b117a8,0x00000000d5b80000)
  to   space 2048K, 0% used [0x00000000d5780000,0x00000000d5780000,0x00000000d5980000)
 ParOldGen       total 294400K, used 294121K [0x0000000080000000, 0x0000000091f80000, 0x00000000d5580000)
  object space 294400K, 99% used [0x0000000080000000,0x0000000091f3a490,0x0000000091f80000)
 Metaspace       used 75856K, committed 77504K, reserved 1179648K
  class space    used 8056K, committed 8768K, reserved 1048576K
}
Event: 13103.993 GC heap after
{Heap after GC invocations=230 (full 3):
 PSYoungGen      total 3072K, used 863K [0x00000000d5580000, 0x00000000d5a80000, 0x0000000100000000)
  eden space 2048K, 0% used [0x00000000d5580000,0x00000000d5580000,0x00000000d5780000)
  from space 1024K, 84% used [0x00000000d5780000,0x00000000d5857d48,0x00000000d5880000)
  to   space 1536K, 0% used [0x00000000d5900000,0x00000000d5900000,0x00000000d5a80000)
 ParOldGen       total 295936K, used 295676K [0x0000000080000000, 0x0000000092100000, 0x00000000d5580000)
  object space 295936K, 99% used [0x0000000080000000,0x00000000920bf278,0x0000000092100000)
 Metaspace       used 75856K, committed 77504K, reserved 1179648K
  class space    used 8056K, committed 8768K, reserved 1048576K
}
Event: 18074.383 GC heap before
{Heap before GC invocations=231 (full 3):
 PSYoungGen      total 3072K, used 2911K [0x00000000d5580000, 0x00000000d5a80000, 0x0000000100000000)
  eden space 2048K, 100% used [0x00000000d5580000,0x00000000d5780000,0x00000000d5780000)
  from space 1024K, 84% used [0x00000000d5780000,0x00000000d5857d48,0x00000000d5880000)
  to   space 1536K, 0% used [0x00000000d5900000,0x00000000d5900000,0x00000000d5a80000)
 ParOldGen       total 295936K, used 295676K [0x0000000080000000, 0x0000000092100000, 0x00000000d5580000)
  object space 295936K, 99% used [0x0000000080000000,0x00000000920bf278,0x0000000092100000)
 Metaspace       used 75920K, committed 77568K, reserved 1179648K
  class space    used 8056K, committed 8768K, reserved 1048576K
}
Event: 18074.800 GC heap after
{Heap after GC invocations=231 (full 3):
 PSYoungGen      total 2560K, used 224K [0x00000000d5580000, 0x00000000d5980000, 0x0000000100000000)
  eden space 2048K, 0% used [0x00000000d5580000,0x00000000d5580000,0x00000000d5780000)
  from space 512K, 43% used [0x00000000d5900000,0x00000000d5938000,0x00000000d5980000)
  to   space 512K, 0% used [0x00000000d5880000,0x00000000d5880000,0x00000000d5900000)
 ParOldGen       total 296448K, used 296316K [0x0000000080000000, 0x0000000092180000, 0x00000000d5580000)
  object space 296448K, 99% used [0x0000000080000000,0x000000009215f278,0x0000000092180000)
 Metaspace       used 75920K, committed 77568K, reserved 1179648K
  class space    used 8056K, committed 8768K, reserved 1048576K
}

